exp_value_coefs: [-1.0488972323635612e-11, -3.3371289370587891e-14, 3.9054103736298e-14, -1.1983969334303773e-14, 6.1754511638741752e-15, 2.0621129834632565e-15, -7.3065604908098399e-15]
pot_energy_coefs: [-176.80382557373255, -1.0659025809224214, 2.9865587121292885, 1.1595591365433686, 0.55772132563770238, -5.6273865022643536e-05, -5.7878457149401736e-08]
energies_hartree: [0.0023049987129000007, 0.0069056883198600075, 0.011496017791759988]
energies_hartree_harmonic: [0.0023054758669000018, 0.0069165495198000044, 0.01152762316669999]
degree_exp_value: 6
degree_pot_energy: 6
energy_precision: 1.0e-12
harmonic_frequency_cm1: 1022.3397
num_solutions: 3
num_steps: 1000
reduced_mass_amu: 14.3975
steps:
- {displacement: -0.040446965928, exp_value: -7.38477267252e-15, pot_energy: -17616.7222651}
- {displacement: -0.080893931856, exp_value: -7.45204873198e-15, pot_energy: -17616.7209787}
- {displacement: -0.121340897785, exp_value: -7.50742595996e-15, pot_energy: -17616.7189172}
- {displacement: -0.161787863713, exp_value: -7.55002572784e-15, pot_energy: -17616.7161393}
- {displacement: -0.202234829641, exp_value: -7.57896608976e-15, pot_energy: -17616.7126987}
- {displacement: 0.0, exp_value: -7.30658334569e-15, pot_energy: -17616.722711}
- {displacement: 0.040446965928, exp_value: -7.21819579494e-15, pot_energy: -17616.722244}
- {displacement: 0.080893931856, exp_value: -7.12055873617e-15, pot_energy: -17616.7207833}
- {displacement: 0.121340897785, exp_value: -7.01414345803e-15, pot_energy: -17616.7182408}
- {displacement: 0.161787863713, exp_value: -6.89974774533e-15, pot_energy: -17616.7145226}
- {displacement: 0.202234829641, exp_value: -6.77813440455e-15, pot_energy: -17616.7095305}
to_level: 1

displacement_range:
  min: -0.6
  max: 0.6

        p(0)       p(1)       p(2)       v(3)   delta(2)   delta(3)    numerov    freq  freq h    q
  -48.074859  13.568052  40.632517   1.159559   0.332365   0.106378   0.270378  2017.2  2024.0  0.6
